  TimerMgr.cpp
  Timer.cpp
  InputDev.cpp
  GraphicDev.cpp
  FrameMgr.cpp
  Frame.cpp
  코드를 생성하고 있습니다...
  System.vcxproj -> C:\Users\star1\Desktop\jusin\New_DirectX9Practice_KSG\Engine\System\Include\../Bin\System.dll
  System.vcxproj -> ../Bin\System.pdb (Full PDB)
  .\Engine\System\Code\*.h 
  지정된 파일을 찾을 수 없습니다.
          0개 파일이 복사되었습니다.
          1개 파일이 복사되었습니다.
          1개 파일이 복사되었습니다.
  .\Engine\Header\CameraManager.h
  .\Engine\Header\Collider.h
  .\Engine\Header\CollisionManager.h
  .\Engine\Header\Component.h
  .\Engine\Header\Engine_Define.h
  .\Engine\Header\Engine_Enum.h
  .\Engine\Header\Engine_Function.h
  .\Engine\Header\Engine_Macro.h
  .\Engine\Header\Engine_Struct.h
  .\Engine\Header\Engine_Typedef.h
  .\Engine\Header\Export_Function.h
  .\Engine\Header\Export_System.h
  .\Engine\Header\Export_Utility.h
  .\Engine\Header\Frame.h
  .\Engine\Header\FrameMgr.h
  .\Engine\Header\GameObject.h
  .\Engine\Header\GraphicDev.h
  .\Engine\Header\InputDev.h
  .\Engine\Header\Layer.h
  .\Engine\Header\Light.h
  .\Engine\Header\LightManager.h
  .\Engine\Header\Management.h
  .\Engine\Header\Managers.h
  .\Engine\Header\PrototypeManager.h
  .\Engine\Header\RcCol.h
  .\Engine\Header\Renderer.h
  .\Engine\Header\RigidBody.h
  .\Engine\Header\Scene.h
  .\Engine\Header\TerrainBf.h
  .\Engine\Header\Texture.h
  .\Engine\Header\Timer.h
  .\Engine\Header\TimerMgr.h
  .\Engine\Header\Transform.h
  .\Engine\Header\TriCol.h
  .\Engine\Header\VIBuffer.h
         35개 파일이 복사되었습니다.
  .\Engine\Header\Export_System.inl
  .\Engine\Header\Export_Utility.inl
          2개 파일이 복사되었습니다.
