  VIBuffer.cpp
  TriCol.cpp
  Transform.cpp
  Texture.cpp
  TerrainBf.cpp
c:\users\star1\desktop\jusin\new_directx9practice_ksg\engine\utility\code\terrainbf.cpp(85): warning C4018: '<': signed 또는 unsigned가 일치하지 않습니다.
c:\users\star1\desktop\jusin\new_directx9practice_ksg\engine\utility\code\terrainbf.cpp(87): warning C4018: '<': signed 또는 unsigned가 일치하지 않습니다.
c:\users\star1\desktop\jusin\new_directx9practice_ksg\engine\utility\code\terrainbf.cpp(139): warning C4018: '<': signed 또는 unsigned가 일치하지 않습니다.
c:\users\star1\desktop\jusin\new_directx9practice_ksg\engine\utility\code\terrainbf.cpp(143): warning C4244: '인수': 'unsigned int'에서 'FLOAT'(으)로 변환하면서 데이터가 손실될 수 있습니다.
  Scene.cpp
  RigidBody.cpp
  Renderer.cpp
  RcCol.cpp
c:\users\star1\desktop\jusin\new_directx9practice_ksg\engine\utility\code\rccol.cpp(82): warning C4244: '인수': 'int'에서 'FLOAT'(으)로 변환하면서 데이터가 손실될 수 있습니다.
  PrototypeManager.cpp
  Managers.cpp
  Management.cpp
  LightManager.cpp
  Light.cpp
  Layer.cpp
  GameObject.cpp
  Component.cpp
  CollisionManager.cpp
  Collider.cpp
  CameraManager.cpp
  코드를 생성하고 있습니다...
  Utility.vcxproj -> C:\Users\star1\Desktop\jusin\New_DirectX9Practice_KSG\Engine\Utility\Include\../Bin\Utility.dll
  Utility.vcxproj -> ../Bin\Utility.pdb (Full PDB)
  .\Engine\Utility\Code\*.h 
  지정된 파일을 찾을 수 없습니다.
          0개 파일이 복사되었습니다.
  .\Engine\Utility\Code\*.hpp 
  지정된 파일을 찾을 수 없습니다.
          0개 파일이 복사되었습니다.
          1개 파일이 복사되었습니다.
          1개 파일이 복사되었습니다.
  .\Engine\Header\CameraManager.h
  .\Engine\Header\Collider.h
  .\Engine\Header\CollisionManager.h
  .\Engine\Header\Component.h
  .\Engine\Header\Engine_Define.h
  .\Engine\Header\Engine_Enum.h
  .\Engine\Header\Engine_Function.h
  .\Engine\Header\Engine_Macro.h
  .\Engine\Header\Engine_Struct.h
  .\Engine\Header\Engine_Typedef.h
  .\Engine\Header\Export_Function.h
  .\Engine\Header\Export_System.h
  .\Engine\Header\Export_Utility.h
  .\Engine\Header\Frame.h
  .\Engine\Header\FrameMgr.h
  .\Engine\Header\GameObject.h
  .\Engine\Header\GraphicDev.h
  .\Engine\Header\InputDev.h
  .\Engine\Header\Layer.h
  .\Engine\Header\Light.h
  .\Engine\Header\LightManager.h
  .\Engine\Header\Management.h
  .\Engine\Header\Managers.h
  .\Engine\Header\PrototypeManager.h
  .\Engine\Header\RcCol.h
  .\Engine\Header\Renderer.h
  .\Engine\Header\RigidBody.h
  .\Engine\Header\Scene.h
  .\Engine\Header\TerrainBf.h
  .\Engine\Header\Texture.h
  .\Engine\Header\Timer.h
  .\Engine\Header\TimerMgr.h
  .\Engine\Header\Transform.h
  .\Engine\Header\TriCol.h
  .\Engine\Header\VIBuffer.h
         35개 파일이 복사되었습니다.
  .\Engine\Header\Export_System.inl
  .\Engine\Header\Export_Utility.inl
          2개 파일이 복사되었습니다.
