  stdafx.cpp
  Client.cpp
  Terrain.cpp
  Player.cpp
c:\users\star1\desktop\jusin\new_directx9practice_ksg\client\code\player.cpp(156): warning C4244: '초기화 중': 'float'에서 'Engine::_int'(으)로 변환하면서 데이터가 손실될 수 있습니다.
c:\users\star1\desktop\jusin\new_directx9practice_ksg\client\code\player.cpp(157): warning C4244: '초기화 중': 'float'에서 'Engine::_int'(으)로 변환하면서 데이터가 손실될 수 있습니다.
  Monster.cpp
  MiniCamera.cpp
c:\users\star1\desktop\jusin\new_directx9practice_ksg\client\code\minicamera.cpp(49): warning C4244: '=': 'float'에서 'DWORD'(으)로 변환하면서 데이터가 손실될 수 있습니다.
c:\users\star1\desktop\jusin\new_directx9practice_ksg\client\code\minicamera.cpp(50): warning C4244: '=': 'float'에서 'DWORD'(으)로 변환하면서 데이터가 손실될 수 있습니다.
c:\users\star1\desktop\jusin\new_directx9practice_ksg\client\code\minicamera.cpp(52): warning C4244: '=': 'float'에서 'DWORD'(으)로 변환하면서 데이터가 손실될 수 있습니다.
c:\users\star1\desktop\jusin\new_directx9practice_ksg\client\code\minicamera.cpp(53): warning C4244: '=': 'float'에서 'DWORD'(으)로 변환하면서 데이터가 손실될 수 있습니다.
  MainApp.cpp
  Logo.cpp
  Camera.cpp
  BackGround.cpp
  코드를 생성하고 있습니다...
c:\users\star1\desktop\jusin\new_directx9practice_ksg\client\code\minicamera.cpp(41): warning C4715: 'CMiniCamera::Update_Object': 모든 제어 경로에서 값을 반환하지는 않습니다.
     ../Bin\Client.lib 라이브러리 및 ../Bin\Client.exp 개체를 생성하고 있습니다.
  Client.vcxproj -> C:\Users\star1\Desktop\jusin\New_DirectX9Practice_KSG\Client\Include\../Bin\Client.exe
  Client.vcxproj -> ../Bin\Client.pdb (Full PDB)
